This is pdfTeX, Version 3.1415926-2.4-1.40.13 (MiKTeX 2.9 64-bit) (preloaded format=pdflatex 2012.10.26)  2 DEC 2013 14:01
entering extended mode
**gen*questions.tex
("C:\Users\odie\Dropbox\Classwork\ESA ham class\Gen questions\gen questions.tex
"
LaTeX2e <2011/06/27>
Babel <v3.8m> and hyphenation patterns for english, afrikaans, ancientgreek, ar
abic, armenian, assamese, basque, bengali, bokmal, bulgarian, catalan, coptic, 
croatian, czech, danish, dutch, esperanto, estonian, farsi, finnish, french, ga
lician, german, german-x-2012-05-30, greek, gujarati, hindi, hungarian, iceland
ic, indonesian, interlingua, irish, italian, kannada, kurmanji, latin, latvian,
 lithuanian, malayalam, marathi, mongolian, mongolianlmc, monogreek, ngerman, n
german-x-2012-05-30, nynorsk, oriya, panjabi, pinyin, polish, portuguese, roman
ian, russian, sanskrit, serbian, slovak, slovenian, spanish, swedish, swissgerm
an, tamil, telugu, turkish, turkmen, ukenglish, ukrainian, uppersorbian, usengl
ishmax, welsh, loaded.
("C:\Program Files\MiKTeX 2.9\tex\latex\base\report.cls"
Document Class: report 2007/10/19 v1.4h Standard LaTeX document class
("C:\Program Files\MiKTeX 2.9\tex\latex\base\size12.clo"
File: size12.clo 2007/10/19 v1.4h Standard LaTeX file (size option)
)
\c@part=\count79
\c@chapter=\count80
\c@section=\count81
\c@subsection=\count82
\c@subsubsection=\count83
\c@paragraph=\count84
\c@subparagraph=\count85
\c@figure=\count86
\c@table=\count87
\abovecaptionskip=\skip41
\belowcaptionskip=\skip42
\bibindent=\dimen102
)
("C:\Program Files\MiKTeX 2.9\tex\latex\base\inputenc.sty"
Package: inputenc 2008/03/30 v1.1d Input encoding file
\inpenc@prehook=\toks14
\inpenc@posthook=\toks15

("C:\Program Files\MiKTeX 2.9\tex\latex\base\utf8.def"
File: utf8.def 2008/04/05 v1.1m UTF-8 support for inputenc
Now handling font encoding OML ...
... no UTF-8 mapping file for font encoding OML
Now handling font encoding T1 ...
... processing UTF-8 mapping file for font encoding T1

("C:\Program Files\MiKTeX 2.9\tex\latex\base\t1enc.dfu"
File: t1enc.dfu 2008/04/05 v1.1m UTF-8 support for inputenc
   defining Unicode char U+00A1 (decimal 161)
   defining Unicode char U+00A3 (decimal 163)
   defining Unicode char U+00AB (decimal 171)
   defining Unicode char U+00BB (decimal 187)
   defining Unicode char U+00BF (decimal 191)
   defining Unicode char U+00C0 (decimal 192)
   defining Unicode char U+00C1 (decimal 193)
   defining Unicode char U+00C2 (decimal 194)
   defining Unicode char U+00C3 (decimal 195)
   defining Unicode char U+00C4 (decimal 196)
   defining Unicode char U+00C5 (decimal 197)
   defining Unicode char U+00C6 (decimal 198)
   defining Unicode char U+00C7 (decimal 199)
   defining Unicode char U+00C8 (decimal 200)
   defining Unicode char U+00C9 (decimal 201)
   defining Unicode char U+00CA (decimal 202)
   defining Unicode char U+00CB (decimal 203)
   defining Unicode char U+00CC (decimal 204)
   defining Unicode char U+00CD (decimal 205)
   defining Unicode char U+00CE (decimal 206)
   defining Unicode char U+00CF (decimal 207)
   defining Unicode char U+00D0 (decimal 208)
   defining Unicode char U+00D1 (decimal 209)
   defining Unicode char U+00D2 (decimal 210)
   defining Unicode char U+00D3 (decimal 211)
   defining Unicode char U+00D4 (decimal 212)
   defining Unicode char U+00D5 (decimal 213)
   defining Unicode char U+00D6 (decimal 214)
   defining Unicode char U+00D8 (decimal 216)
   defining Unicode char U+00D9 (decimal 217)
   defining Unicode char U+00DA (decimal 218)
   defining Unicode char U+00DB (decimal 219)
   defining Unicode char U+00DC (decimal 220)
   defining Unicode char U+00DD (decimal 221)
   defining Unicode char U+00DE (decimal 222)
   defining Unicode char U+00DF (decimal 223)
   defining Unicode char U+00E0 (decimal 224)
   defining Unicode char U+00E1 (decimal 225)
   defining Unicode char U+00E2 (decimal 226)
   defining Unicode char U+00E3 (decimal 227)
   defining Unicode char U+00E4 (decimal 228)
   defining Unicode char U+00E5 (decimal 229)
   defining Unicode char U+00E6 (decimal 230)
   defining Unicode char U+00E7 (decimal 231)
   defining Unicode char U+00E8 (decimal 232)
   defining Unicode char U+00E9 (decimal 233)
   defining Unicode char U+00EA (decimal 234)
   defining Unicode char U+00EB (decimal 235)
   defining Unicode char U+00EC (decimal 236)
   defining Unicode char U+00ED (decimal 237)
   defining Unicode char U+00EE (decimal 238)
   defining Unicode char U+00EF (decimal 239)
   defining Unicode char U+00F0 (decimal 240)
   defining Unicode char U+00F1 (decimal 241)
   defining Unicode char U+00F2 (decimal 242)
   defining Unicode char U+00F3 (decimal 243)
   defining Unicode char U+00F4 (decimal 244)
   defining Unicode char U+00F5 (decimal 245)
   defining Unicode char U+00F6 (decimal 246)
   defining Unicode char U+00F8 (decimal 248)
   defining Unicode char U+00F9 (decimal 249)
   defining Unicode char U+00FA (decimal 250)
   defining Unicode char U+00FB (decimal 251)
   defining Unicode char U+00FC (decimal 252)
   defining Unicode char U+00FD (decimal 253)
   defining Unicode char U+00FE (decimal 254)
   defining Unicode char U+00FF (decimal 255)
   defining Unicode char U+0102 (decimal 258)
   defining Unicode char U+0103 (decimal 259)
   defining Unicode char U+0104 (decimal 260)
   defining Unicode char U+0105 (decimal 261)
   defining Unicode char U+0106 (decimal 262)
   defining Unicode char U+0107 (decimal 263)
   defining Unicode char U+010C (decimal 268)
   defining Unicode char U+010D (decimal 269)
   defining Unicode char U+010E (decimal 270)
   defining Unicode char U+010F (decimal 271)
   defining Unicode char U+0110 (decimal 272)
   defining Unicode char U+0111 (decimal 273)
   defining Unicode char U+0118 (decimal 280)
   defining Unicode char U+0119 (decimal 281)
   defining Unicode char U+011A (decimal 282)
   defining Unicode char U+011B (decimal 283)
   defining Unicode char U+011E (decimal 286)
   defining Unicode char U+011F (decimal 287)
   defining Unicode char U+0130 (decimal 304)
   defining Unicode char U+0131 (decimal 305)
   defining Unicode char U+0132 (decimal 306)
   defining Unicode char U+0133 (decimal 307)
   defining Unicode char U+0139 (decimal 313)
   defining Unicode char U+013A (decimal 314)
   defining Unicode char U+013D (decimal 317)
   defining Unicode char U+013E (decimal 318)
   defining Unicode char U+0141 (decimal 321)
   defining Unicode char U+0142 (decimal 322)
   defining Unicode char U+0143 (decimal 323)
   defining Unicode char U+0144 (decimal 324)
   defining Unicode char U+0147 (decimal 327)
   defining Unicode char U+0148 (decimal 328)
   defining Unicode char U+014A (decimal 330)
   defining Unicode char U+014B (decimal 331)
   defining Unicode char U+0150 (decimal 336)
   defining Unicode char U+0151 (decimal 337)
   defining Unicode char U+0152 (decimal 338)
   defining Unicode char U+0153 (decimal 339)
   defining Unicode char U+0154 (decimal 340)
   defining Unicode char U+0155 (decimal 341)
   defining Unicode char U+0158 (decimal 344)
   defining Unicode char U+0159 (decimal 345)
   defining Unicode char U+015A (decimal 346)
   defining Unicode char U+015B (decimal 347)
   defining Unicode char U+015E (decimal 350)
   defining Unicode char U+015F (decimal 351)
   defining Unicode char U+0160 (decimal 352)
   defining Unicode char U+0161 (decimal 353)
   defining Unicode char U+0162 (decimal 354)
   defining Unicode char U+0163 (decimal 355)
   defining Unicode char U+0164 (decimal 356)
   defining Unicode char U+0165 (decimal 357)
   defining Unicode char U+016E (decimal 366)
   defining Unicode char U+016F (decimal 367)
   defining Unicode char U+0170 (decimal 368)
   defining Unicode char U+0171 (decimal 369)
   defining Unicode char U+0178 (decimal 376)
   defining Unicode char U+0179 (decimal 377)
   defining Unicode char U+017A (decimal 378)
   defining Unicode char U+017B (decimal 379)
   defining Unicode char U+017C (decimal 380)
   defining Unicode char U+017D (decimal 381)
   defining Unicode char U+017E (decimal 382)
   defining Unicode char U+200C (decimal 8204)
   defining Unicode char U+2013 (decimal 8211)
   defining Unicode char U+2014 (decimal 8212)
   defining Unicode char U+2018 (decimal 8216)
   defining Unicode char U+2019 (decimal 8217)
   defining Unicode char U+201A (decimal 8218)
   defining Unicode char U+201C (decimal 8220)
   defining Unicode char U+201D (decimal 8221)
   defining Unicode char U+201E (decimal 8222)
   defining Unicode char U+2030 (decimal 8240)
   defining Unicode char U+2031 (decimal 8241)
   defining Unicode char U+2039 (decimal 8249)
   defining Unicode char U+203A (decimal 8250)
   defining Unicode char U+2423 (decimal 9251)
)
Now handling font encoding OT1 ...
... processing UTF-8 mapping file for font encoding OT1

("C:\Program Files\MiKTeX 2.9\tex\latex\base\ot1enc.dfu"
File: ot1enc.dfu 2008/04/05 v1.1m UTF-8 support for inputenc
   defining Unicode char U+00A1 (decimal 161)
   defining Unicode char U+00A3 (decimal 163)
   defining Unicode char U+00B8 (decimal 184)
   defining Unicode char U+00BF (decimal 191)
   defining Unicode char U+00C5 (decimal 197)
   defining Unicode char U+00C6 (decimal 198)
   defining Unicode char U+00D8 (decimal 216)
   defining Unicode char U+00DF (decimal 223)
   defining Unicode char U+00E6 (decimal 230)
   defining Unicode char U+00EC (decimal 236)
   defining Unicode char U+00ED (decimal 237)
   defining Unicode char U+00EE (decimal 238)
   defining Unicode char U+00EF (decimal 239)
   defining Unicode char U+00F8 (decimal 248)
   defining Unicode char U+0131 (decimal 305)
   defining Unicode char U+0141 (decimal 321)
   defining Unicode char U+0142 (decimal 322)
   defining Unicode char U+0152 (decimal 338)
   defining Unicode char U+0153 (decimal 339)
   defining Unicode char U+2013 (decimal 8211)
   defining Unicode char U+2014 (decimal 8212)
   defining Unicode char U+2018 (decimal 8216)
   defining Unicode char U+2019 (decimal 8217)
   defining Unicode char U+201C (decimal 8220)
   defining Unicode char U+201D (decimal 8221)
)
Now handling font encoding OMS ...
... processing UTF-8 mapping file for font encoding OMS

("C:\Program Files\MiKTeX 2.9\tex\latex\base\omsenc.dfu"
File: omsenc.dfu 2008/04/05 v1.1m UTF-8 support for inputenc
   defining Unicode char U+00A7 (decimal 167)
   defining Unicode char U+00B6 (decimal 182)
   defining Unicode char U+00B7 (decimal 183)
   defining Unicode char U+2020 (decimal 8224)
   defining Unicode char U+2021 (decimal 8225)
   defining Unicode char U+2022 (decimal 8226)
)
Now handling font encoding OMX ...
... no UTF-8 mapping file for font encoding OMX
Now handling font encoding U ...
... no UTF-8 mapping file for font encoding U
   defining Unicode char U+00A9 (decimal 169)
   defining Unicode char U+00AA (decimal 170)
   defining Unicode char U+00AE (decimal 174)
   defining Unicode char U+00BA (decimal 186)
   defining Unicode char U+02C6 (decimal 710)
   defining Unicode char U+02DC (decimal 732)
   defining Unicode char U+200C (decimal 8204)
   defining Unicode char U+2026 (decimal 8230)
   defining Unicode char U+2122 (decimal 8482)
   defining Unicode char U+2423 (decimal 9251)
))
("C:\Program Files\MiKTeX 2.9\tex\latex\ams\math\amsmath.sty"
Package: amsmath 2000/07/18 v2.13 AMS math features
\@mathmargin=\skip43

For additional information on amsmath, use the `?' option.
("C:\Program Files\MiKTeX 2.9\tex\latex\ams\math\amstext.sty"
Package: amstext 2000/06/29 v2.01

("C:\Program Files\MiKTeX 2.9\tex\latex\ams\math\amsgen.sty"
File: amsgen.sty 1999/11/30 v2.0
\@emptytoks=\toks16
\ex@=\dimen103
))
("C:\Program Files\MiKTeX 2.9\tex\latex\ams\math\amsbsy.sty"
Package: amsbsy 1999/11/29 v1.2d
\pmbraise@=\dimen104
)
("C:\Program Files\MiKTeX 2.9\tex\latex\ams\math\amsopn.sty"
Package: amsopn 1999/12/14 v2.01 operator names
)
\inf@bad=\count88
LaTeX Info: Redefining \frac on input line 211.
\uproot@=\count89
\leftroot@=\count90
LaTeX Info: Redefining \overline on input line 307.
\classnum@=\count91
\DOTSCASE@=\count92
LaTeX Info: Redefining \ldots on input line 379.
LaTeX Info: Redefining \dots on input line 382.
LaTeX Info: Redefining \cdots on input line 467.
\Mathstrutbox@=\box26
\strutbox@=\box27
\big@size=\dimen105
LaTeX Font Info:    Redeclaring font encoding OML on input line 567.
LaTeX Font Info:    Redeclaring font encoding OMS on input line 568.
\macc@depth=\count93
\c@MaxMatrixCols=\count94
\dotsspace@=\muskip10
\c@parentequation=\count95
\dspbrk@lvl=\count96
\tag@help=\toks17
\row@=\count97
\column@=\count98
\maxfields@=\count99
\andhelp@=\toks18
\eqnshift@=\dimen106
\alignsep@=\dimen107
\tagshift@=\dimen108
\tagwidth@=\dimen109
\totwidth@=\dimen110
\lineht@=\dimen111
\@envbody=\toks19
\multlinegap=\skip44
\multlinetaggap=\skip45
\mathdisplay@stack=\toks20
LaTeX Info: Redefining \[ on input line 2666.
LaTeX Info: Redefining \] on input line 2667.
)
("C:\Program Files\MiKTeX 2.9\tex\latex\amsfonts\amsfonts.sty"
Package: amsfonts 2009/06/22 v3.00 Basic AMSFonts support
\symAMSa=\mathgroup4
\symAMSb=\mathgroup5
LaTeX Font Info:    Overwriting math alphabet `\mathfrak' in version `bold'
(Font)                  U/euf/m/n --> U/euf/b/n on input line 96.
)
("C:\Program Files\MiKTeX 2.9\tex\latex\amsfonts\amssymb.sty"
Package: amssymb 2009/06/22 v3.00
)
("C:\Program Files\MiKTeX 2.9\tex\latex\pdfpages\pdfpages.sty"
Package: pdfpages 2012/08/31 v0.4t Insert pages of external PDF documents (AM)

("C:\Program Files\MiKTeX 2.9\tex\latex\base\ifthen.sty"
Package: ifthen 2001/05/26 v1.1c Standard LaTeX ifthen package (DPC)
)
("C:\Program Files\MiKTeX 2.9\tex\latex\tools\calc.sty"
Package: calc 2007/08/22 v4.3 Infix arithmetic (KKT,FJ)
\calc@Acount=\count100
\calc@Bcount=\count101
\calc@Adimen=\dimen112
\calc@Bdimen=\dimen113
\calc@Askip=\skip46
\calc@Bskip=\skip47
LaTeX Info: Redefining \setlength on input line 76.
LaTeX Info: Redefining \addtolength on input line 77.
\calc@Ccount=\count102
\calc@Cskip=\skip48
)
("C:\Program Files\MiKTeX 2.9\tex\latex\eso-pic\eso-pic.sty"
Package: eso-pic 2010/10/06 v2.0c eso-pic (RN)

("C:\Program Files\MiKTeX 2.9\tex\generic\oberdiek\atbegshi.sty"
Package: atbegshi 2011/10/05 v1.16 At begin shipout hook (HO)

("C:\Program Files\MiKTeX 2.9\tex\generic\oberdiek\infwarerr.sty"
Package: infwarerr 2010/04/08 v1.3 Providing info/warning/error messages (HO)
)
("C:\Program Files\MiKTeX 2.9\tex\generic\oberdiek\ltxcmds.sty"
Package: ltxcmds 2011/11/09 v1.22 LaTeX kernel commands for general use (HO)
)
("C:\Program Files\MiKTeX 2.9\tex\generic\oberdiek\ifpdf.sty"
Package: ifpdf 2011/01/30 v2.3 Provides the ifpdf switch (HO)
Package ifpdf Info: pdfTeX in PDF mode is detected.
))
("C:\Program Files\MiKTeX 2.9\tex\latex\graphics\keyval.sty"
Package: keyval 1999/03/16 v1.13 key=value parser (DPC)
\KV@toks@=\toks21
)
("C:\Program Files\MiKTeX 2.9\tex\latex\xcolor\xcolor.sty"
Package: xcolor 2007/01/21 v2.11 LaTeX color extensions (UK)

("C:\Program Files\MiKTeX 2.9\tex\latex\00miktex\color.cfg"
File: color.cfg 2007/01/18 v1.5 color configuration of teTeX/TeXLive
)
Package xcolor Info: Driver file: pdftex.def on input line 225.

("C:\Program Files\MiKTeX 2.9\tex\latex\pdftex-def\pdftex.def"
File: pdftex.def 2011/05/27 v0.06d Graphics/color for pdfTeX
\Gread@gobject=\count103
)
Package xcolor Info: Model `cmy' substituted by `cmy0' on input line 1337.
Package xcolor Info: Model `hsb' substituted by `rgb' on input line 1341.
Package xcolor Info: Model `RGB' extended on input line 1353.
Package xcolor Info: Model `HTML' substituted by `rgb' on input line 1355.
Package xcolor Info: Model `Hsb' substituted by `hsb' on input line 1356.
Package xcolor Info: Model `tHsb' substituted by `hsb' on input line 1357.
Package xcolor Info: Model `HSB' substituted by `hsb' on input line 1358.
Package xcolor Info: Model `Gray' substituted by `gray' on input line 1359.
Package xcolor Info: Model `wave' substituted by `hsb' on input line 1360.
))
("C:\Program Files\MiKTeX 2.9\tex\latex\graphics\graphicx.sty"
Package: graphicx 1999/02/16 v1.0f Enhanced LaTeX Graphics (DPC,SPQR)

("C:\Program Files\MiKTeX 2.9\tex\latex\graphics\graphics.sty"
Package: graphics 2009/02/05 v1.0o Standard LaTeX Graphics (DPC,SPQR)

("C:\Program Files\MiKTeX 2.9\tex\latex\graphics\trig.sty"
Package: trig 1999/03/16 v1.09 sin cos tan (DPC)
)
("C:\Program Files\MiKTeX 2.9\tex\latex\00miktex\graphics.cfg"
File: graphics.cfg 2007/01/18 v1.5 graphics configuration of teTeX/TeXLive
)
Package graphics Info: Driver file: pdftex.def on input line 91.
)
\Gin@req@height=\dimen114
\Gin@req@width=\dimen115
)
("C:\Program Files\MiKTeX 2.9\tex\latex\pdfpages\pppdftex.def"
File: pppdftex.def 2012/08/31 v0.4t Pdfpages driver for pdfTeX (AM)
)
\AM@pagebox=\box28
\AM@toc@title=\toks22
\c@AM@survey=\count104
\AM@templatesizebox=\box29
)
("C:\Program Files\MiKTeX 2.9\tex\latex\geometry\geometry.sty"
Package: geometry 2010/09/12 v5.6 Page Geometry

("C:\Program Files\MiKTeX 2.9\tex\generic\oberdiek\ifvtex.sty"
Package: ifvtex 2010/03/01 v1.5 Detect VTeX and its facilities (HO)
Package ifvtex Info: VTeX not detected.
)
("C:\Program Files\MiKTeX 2.9\tex\generic\ifxetex\ifxetex.sty"
Package: ifxetex 2010/09/12 v0.6 Provides ifxetex conditional
)
\Gm@cnth=\count105
\Gm@cntv=\count106
\c@Gm@tempcnt=\count107
\Gm@bindingoffset=\dimen116
\Gm@wd@mp=\dimen117
\Gm@odd@mp=\dimen118
\Gm@even@mp=\dimen119
\Gm@layoutwidth=\dimen120
\Gm@layoutheight=\dimen121
\Gm@layouthoffset=\dimen122
\Gm@layoutvoffset=\dimen123
\Gm@dimlist=\toks23

("C:\Program Files\MiKTeX 2.9\tex\latex\geometry\geometry.cfg"))
("C:\Users\odie\Dropbox\Classwork\ESA ham class\Gen questions\gen questions.aux
")
LaTeX Font Info:    Checking defaults for OML/cmm/m/it on input line 12.
LaTeX Font Info:    ... okay on input line 12.
LaTeX Font Info:    Checking defaults for T1/cmr/m/n on input line 12.
LaTeX Font Info:    ... okay on input line 12.
LaTeX Font Info:    Checking defaults for OT1/cmr/m/n on input line 12.
LaTeX Font Info:    ... okay on input line 12.
LaTeX Font Info:    Checking defaults for OMS/cmsy/m/n on input line 12.
LaTeX Font Info:    ... okay on input line 12.
LaTeX Font Info:    Checking defaults for OMX/cmex/m/n on input line 12.
LaTeX Font Info:    ... okay on input line 12.
LaTeX Font Info:    Checking defaults for U/cmr/m/n on input line 12.
LaTeX Font Info:    ... okay on input line 12.
\AtBeginShipoutBox=\box30
 ("C:\Program Files\MiKTeX 2.9\tex\context\base\supp-pdf.mkii"
[Loading MPS to PDF converter (version 2006.09.02).]
\scratchcounter=\count108
\scratchdimen=\dimen124
\scratchbox=\box31
\nofMPsegments=\count109
\nofMParguments=\count110
\everyMPshowfont=\toks24
\MPscratchCnt=\count111
\MPscratchDim=\dimen125
\MPnumerator=\count112
\makeMPintoPDFobject=\count113
\everyMPtoPDFconversion=\toks25
)
*geometry* driver: auto-detecting
*geometry* detected driver: pdftex
*geometry* verbose mode - [ preamble ] result:
* driver: pdftex
* paper: letterpaper
* layout: <same size as paper>
* layoutoffset:(h,v)=(0.0pt,0.0pt)
* modes: 
* h-part:(L,W,R)=(36.135pt, 542.02501pt, 36.135pt)
* v-part:(T,H,B)=(36.135pt, 722.7pt, 36.135pt)
* \paperwidth=614.295pt
* \paperheight=794.96999pt
* \textwidth=542.02501pt
* \textheight=722.7pt
* \oddsidemargin=-36.135pt
* \evensidemargin=-36.135pt
* \topmargin=-73.135pt
* \headheight=12.0pt
* \headsep=25.0pt
* \topskip=12.0pt
* \footskip=30.0pt
* \marginparwidth=44.0pt
* \marginparsep=10.0pt
* \columnsep=10.0pt
* \skip\footins=10.8pt plus 4.0pt minus 2.0pt
* \hoffset=0.0pt
* \voffset=0.0pt
* \mag=1000
* \@twocolumnfalse
* \@twosidefalse
* \@mparswitchfalse
* \@reversemarginfalse
* (1in=72.27pt=25.4mm, 1cm=28.453pt)

LaTeX Font Info:    Try loading font information for U+msa on input line 13.
("C:\Program Files\MiKTeX 2.9\tex\latex\amsfonts\umsa.fd"
File: umsa.fd 2009/06/22 v3.00 AMS symbols A
)
LaTeX Font Info:    Try loading font information for U+msb on input line 13.

("C:\Program Files\MiKTeX 2.9\tex\latex\amsfonts\umsb.fd"
File: umsb.fd 2009/06/22 v3.00 AMS symbols B
) [1

{C:/ProgramData/MiKTeX/2.9/pdftex/config/pdftex.map}]
Overfull \hbox (56.08694pt too wide) in paragraph at lines 15--16
\OT1/cmr/m/n/12 comes from the NCVEC Na-tional Con-fer-ence of Vol-un-teer Ex-a
m-in-ers web-site http://www.ncvec.org/page.php?id=358
 []

[1]
("C:\Users\odie\Dropbox\Classwork\ESA ham class\Gen questions\gen questions.toc
" [2

])
\tf@toc=\write3
 [3] [4

] [5]
Chapter 1.

Underfull \hbox (badness 10000) in paragraph at lines 118--120

 []


Underfull \hbox (badness 10000) in paragraph at lines 121--123

 []


Underfull \hbox (badness 10000) in paragraph at lines 124--126

 []


Underfull \hbox (badness 10000) in paragraph at lines 127--129

 []


Underfull \hbox (badness 10000) in paragraph at lines 130--132

 []


Underfull \hbox (badness 10000) in paragraph at lines 133--135

 []


Underfull \hbox (badness 10000) in paragraph at lines 136--138

 []


Underfull \hbox (badness 10000) in paragraph at lines 139--141

 []


Underfull \hbox (badness 10000) in paragraph at lines 142--144

 []

[6

]
Underfull \hbox (badness 10000) in paragraph at lines 145--147

 []


Underfull \hbox (badness 10000) in paragraph at lines 148--153

 []


Underfull \hbox (badness 10000) in paragraph at lines 154--156

 []


Underfull \hbox (badness 10000) in paragraph at lines 157--159

 []


Underfull \hbox (badness 10000) in paragraph at lines 163--165

 []


Underfull \hbox (badness 10000) in paragraph at lines 168--170

 []


Underfull \hbox (badness 10000) in paragraph at lines 171--173

 []


Underfull \hbox (badness 10000) in paragraph at lines 174--176

 []


Underfull \hbox (badness 10000) in paragraph at lines 177--179

 []

[7]
Underfull \hbox (badness 10000) in paragraph at lines 180--182

 []


Underfull \hbox (badness 10000) in paragraph at lines 183--185

 []


Underfull \hbox (badness 10000) in paragraph at lines 186--188

 []


Underfull \hbox (badness 10000) in paragraph at lines 189--194

 []


Underfull \hbox (badness 10000) in paragraph at lines 195--197

 []


Underfull \hbox (badness 10000) in paragraph at lines 198--200

 []


Underfull \hbox (badness 10000) in paragraph at lines 201--203

 []


Underfull \hbox (badness 10000) in paragraph at lines 204--206

 []


Underfull \hbox (badness 10000) in paragraph at lines 210--212

 []


Underfull \hbox (badness 10000) in paragraph at lines 213--215

 []


Underfull \hbox (badness 10000) in paragraph at lines 216--218

 []

[8]
Underfull \hbox (badness 10000) in paragraph at lines 219--221

 []


Underfull \hbox (badness 10000) in paragraph at lines 222--224

 []


Underfull \hbox (badness 10000) in paragraph at lines 225--227

 []


Underfull \hbox (badness 10000) in paragraph at lines 228--230

 []


Underfull \hbox (badness 10000) in paragraph at lines 231--233

 []


Underfull \hbox (badness 10000) in paragraph at lines 234--236

 []


Underfull \hbox (badness 10000) in paragraph at lines 237--239

 []


Underfull \hbox (badness 10000) in paragraph at lines 240--242

 []


Underfull \hbox (badness 10000) in paragraph at lines 245--247

 []


Underfull \hbox (badness 10000) in paragraph at lines 248--250

 []


Underfull \hbox (badness 10000) in paragraph at lines 251--253

 []

[9]
Underfull \hbox (badness 10000) in paragraph at lines 254--256

 []


Underfull \hbox (badness 10000) in paragraph at lines 257--259

 []


Underfull \hbox (badness 10000) in paragraph at lines 260--262

 []


Underfull \hbox (badness 10000) in paragraph at lines 263--265

 []


Underfull \hbox (badness 10000) in paragraph at lines 266--268

 []


Underfull \hbox (badness 10000) in paragraph at lines 269--271

 []


Underfull \hbox (badness 10000) in paragraph at lines 272--274

 []


Underfull \hbox (badness 10000) in paragraph at lines 277--279

 []


Underfull \hbox (badness 10000) in paragraph at lines 280--282

 []


Underfull \hbox (badness 10000) in paragraph at lines 283--285

 []


Underfull \hbox (badness 10000) in paragraph at lines 286--291

 []

[10]
Underfull \hbox (badness 10000) in paragraph at lines 292--294

 []


Underfull \hbox (badness 10000) in paragraph at lines 295--297

 []


Underfull \hbox (badness 10000) in paragraph at lines 298--300

 []


Underfull \hbox (badness 10000) in paragraph at lines 301--303

 []


Underfull \hbox (badness 10000) in paragraph at lines 304--306

 []


Underfull \hbox (badness 10000) in paragraph at lines 307--309

 []

[11]
Chapter 2.

Underfull \hbox (badness 10000) in paragraph at lines 313--315

 []


Underfull \hbox (badness 10000) in paragraph at lines 316--318

 []


Underfull \hbox (badness 10000) in paragraph at lines 319--321

 []


Underfull \hbox (badness 10000) in paragraph at lines 322--324

 []


Underfull \hbox (badness 10000) in paragraph at lines 325--327

 []


Underfull \hbox (badness 10000) in paragraph at lines 328--330

 []


Underfull \hbox (badness 10000) in paragraph at lines 331--333

 []


Underfull \hbox (badness 10000) in paragraph at lines 334--336

 []

[12

]
Underfull \hbox (badness 10000) in paragraph at lines 337--339

 []


Underfull \hbox (badness 10000) in paragraph at lines 340--342

 []


Underfull \hbox (badness 10000) in paragraph at lines 343--345

 []


Underfull \hbox (badness 10000) in paragraph at lines 348--350

 []


Underfull \hbox (badness 10000) in paragraph at lines 351--353

 []


Underfull \hbox (badness 10000) in paragraph at lines 354--356

 []


Underfull \hbox (badness 10000) in paragraph at lines 357--359

 []


Underfull \hbox (badness 10000) in paragraph at lines 360--362

 []


Underfull \hbox (badness 10000) in paragraph at lines 363--365

 []


Underfull \hbox (badness 10000) in paragraph at lines 366--368

 []


Underfull \hbox (badness 10000) in paragraph at lines 369--371

 []


Underfull \hbox (badness 10000) in paragraph at lines 372--374

 []

[13]
Underfull \hbox (badness 10000) in paragraph at lines 375--377

 []


Underfull \hbox (badness 10000) in paragraph at lines 378--380

 []


Underfull \hbox (badness 10000) in paragraph at lines 381--383

 []


Underfull \hbox (badness 10000) in paragraph at lines 386--388

 []


Underfull \hbox (badness 10000) in paragraph at lines 389--391

 []


Underfull \hbox (badness 10000) in paragraph at lines 392--394

 []


Underfull \hbox (badness 10000) in paragraph at lines 395--397

 []


Underfull \hbox (badness 10000) in paragraph at lines 398--400

 []


Underfull \hbox (badness 10000) in paragraph at lines 401--403

 []


Underfull \hbox (badness 10000) in paragraph at lines 404--406

 []


Underfull \hbox (badness 10000) in paragraph at lines 407--409

 []


Underfull \hbox (badness 10000) in paragraph at lines 410--412

 []


Underfull \hbox (badness 10000) in paragraph at lines 413--415

 []


Underfull \hbox (badness 10000) in paragraph at lines 416--418

 []

[14]
Underfull \hbox (badness 10000) in paragraph at lines 421--423

 []


Underfull \hbox (badness 10000) in paragraph at lines 424--426

 []


Underfull \hbox (badness 10000) in paragraph at lines 427--429

 []


Underfull \hbox (badness 10000) in paragraph at lines 430--432

 []


Underfull \hbox (badness 10000) in paragraph at lines 433--435

 []


Underfull \hbox (badness 10000) in paragraph at lines 436--438

 []


Underfull \hbox (badness 10000) in paragraph at lines 439--441

 []


Underfull \hbox (badness 10000) in paragraph at lines 442--444

 []


Underfull \hbox (badness 10000) in paragraph at lines 445--450

 []


Underfull \hbox (badness 10000) in paragraph at lines 451--453

 []


Underfull \hbox (badness 10000) in paragraph at lines 454--456

 []


Underfull \hbox (badness 10000) in paragraph at lines 459--461

 []

[15]
Underfull \hbox (badness 10000) in paragraph at lines 462--464

 []


Underfull \hbox (badness 10000) in paragraph at lines 465--467

 []


Underfull \hbox (badness 10000) in paragraph at lines 468--470

 []


Underfull \hbox (badness 10000) in paragraph at lines 471--473

 []


Underfull \hbox (badness 10000) in paragraph at lines 474--476

 []


Underfull \hbox (badness 10000) in paragraph at lines 477--479

 []


Underfull \hbox (badness 10000) in paragraph at lines 480--482

 []


Underfull \hbox (badness 10000) in paragraph at lines 483--485

 []


Underfull \hbox (badness 10000) in paragraph at lines 486--488

 []


Underfull \hbox (badness 10000) in paragraph at lines 489--491

 []


Underfull \hbox (badness 10000) in paragraph at lines 492--494

 []

[16]
Chapter 3.

Underfull \hbox (badness 10000) in paragraph at lines 498--500

 []


Underfull \hbox (badness 10000) in paragraph at lines 501--503

 []


Underfull \hbox (badness 10000) in paragraph at lines 504--506

 []


Underfull \hbox (badness 10000) in paragraph at lines 507--509

 []


Underfull \hbox (badness 10000) in paragraph at lines 510--512

 []


Underfull \hbox (badness 10000) in paragraph at lines 513--515

 []


Underfull \hbox (badness 10000) in paragraph at lines 516--518

 []


Underfull \hbox (badness 10000) in paragraph at lines 519--521

 []


Underfull \hbox (badness 10000) in paragraph at lines 522--524

 []


Underfull \hbox (badness 10000) in paragraph at lines 525--527

 []

[17

]
Underfull \hbox (badness 10000) in paragraph at lines 528--530

 []


Underfull \hbox (badness 10000) in paragraph at lines 531--533

 []


Underfull \hbox (badness 10000) in paragraph at lines 534--536

 []


Underfull \hbox (badness 10000) in paragraph at lines 537--539

 []


Underfull \hbox (badness 10000) in paragraph at lines 540--542

 []


Underfull \hbox (badness 10000) in paragraph at lines 543--545

 []


Underfull \hbox (badness 10000) in paragraph at lines 548--550

 []


Underfull \hbox (badness 10000) in paragraph at lines 551--554

 []


Underfull \hbox (badness 10000) in paragraph at lines 555--557

 []


Underfull \hbox (badness 10000) in paragraph at lines 558--560

 []


Underfull \hbox (badness 10000) in paragraph at lines 561--563

 []

[18]
Underfull \hbox (badness 10000) in paragraph at lines 564--566

 []


Underfull \hbox (badness 10000) in paragraph at lines 567--569

 []


Underfull \hbox (badness 10000) in paragraph at lines 570--572

 []


Underfull \hbox (badness 10000) in paragraph at lines 573--575

 []


Underfull \hbox (badness 10000) in paragraph at lines 576--578

 []


Underfull \hbox (badness 10000) in paragraph at lines 579--581

 []


Underfull \hbox (badness 10000) in paragraph at lines 582--587

 []


Underfull \hbox (badness 10000) in paragraph at lines 590--592

 []


Underfull \hbox (badness 10000) in paragraph at lines 593--595

 []


Underfull \hbox (badness 10000) in paragraph at lines 596--598

 []


Underfull \hbox (badness 10000) in paragraph at lines 599--601

 []


Underfull \hbox (badness 10000) in paragraph at lines 602--604

 []

[19]
Underfull \hbox (badness 10000) in paragraph at lines 605--607

 []


Underfull \hbox (badness 10000) in paragraph at lines 608--610

 []


Underfull \hbox (badness 10000) in paragraph at lines 611--613

 []


Underfull \hbox (badness 10000) in paragraph at lines 614--616

 []


Underfull \hbox (badness 10000) in paragraph at lines 617--620

 []


Underfull \hbox (badness 10000) in paragraph at lines 621--623

 []


Underfull \hbox (badness 10000) in paragraph at lines 624--626

 []


Underfull \hbox (badness 10000) in paragraph at lines 627--629

 []

[20]
Chapter 4.

Underfull \hbox (badness 10000) in paragraph at lines 633--635

 []


Underfull \hbox (badness 10000) in paragraph at lines 636--638

 []


Underfull \hbox (badness 10000) in paragraph at lines 639--641

 []


Underfull \hbox (badness 10000) in paragraph at lines 642--644

 []


Underfull \hbox (badness 10000) in paragraph at lines 645--647

 []


Underfull \hbox (badness 10000) in paragraph at lines 648--650

 []


Underfull \hbox (badness 10000) in paragraph at lines 651--653

 []


Underfull \hbox (badness 10000) in paragraph at lines 654--656

 []


Underfull \hbox (badness 10000) in paragraph at lines 657--659

 []

[21

]
Underfull \hbox (badness 10000) in paragraph at lines 660--662

 []


Underfull \hbox (badness 10000) in paragraph at lines 663--665

 []


Underfull \hbox (badness 10000) in paragraph at lines 666--668

 []


Underfull \hbox (badness 10000) in paragraph at lines 669--671

 []


Underfull \hbox (badness 10000) in paragraph at lines 672--674

 []


Underfull \hbox (badness 10000) in paragraph at lines 677--679

 []


Underfull \hbox (badness 10000) in paragraph at lines 680--682

 []


Underfull \hbox (badness 10000) in paragraph at lines 683--685

 []


Underfull \hbox (badness 10000) in paragraph at lines 686--688

 []


Underfull \hbox (badness 10000) in paragraph at lines 689--691

 []


Underfull \hbox (badness 10000) in paragraph at lines 692--694

 []


Underfull \hbox (badness 10000) in paragraph at lines 695--697

 []


Underfull \hbox (badness 10000) in paragraph at lines 698--700

 []


Underfull \hbox (badness 10000) in paragraph at lines 701--703

 []


Underfull \hbox (badness 10000) in paragraph at lines 704--706

 []

[22]
Underfull \hbox (badness 10000) in paragraph at lines 707--709

 []


Underfull \hbox (badness 10000) in paragraph at lines 710--712

 []


Underfull \hbox (badness 10000) in paragraph at lines 713--715

 []


Underfull \hbox (badness 10000) in paragraph at lines 716--718

 []


Underfull \hbox (badness 10000) in paragraph at lines 719--721

 []


Underfull \hbox (badness 10000) in paragraph at lines 722--724

 []


Underfull \hbox (badness 10000) in paragraph at lines 727--729

 []


Underfull \hbox (badness 10000) in paragraph at lines 730--732

 []


Underfull \hbox (badness 10000) in paragraph at lines 733--735

 []


Underfull \hbox (badness 10000) in paragraph at lines 736--738

 []


Underfull \hbox (badness 10000) in paragraph at lines 739--741

 []


Underfull \hbox (badness 10000) in paragraph at lines 742--744

 []

[23]
Underfull \hbox (badness 10000) in paragraph at lines 745--747

 []


Underfull \hbox (badness 10000) in paragraph at lines 748--750

 []


Underfull \hbox (badness 10000) in paragraph at lines 751--753

 []


Underfull \hbox (badness 10000) in paragraph at lines 754--756

 []


Underfull \hbox (badness 10000) in paragraph at lines 757--759

 []


Underfull \hbox (badness 10000) in paragraph at lines 760--762

 []


Underfull \hbox (badness 10000) in paragraph at lines 763--765

 []


Underfull \hbox (badness 10000) in paragraph at lines 768--770

 []


Underfull \hbox (badness 10000) in paragraph at lines 771--773

 []


Underfull \hbox (badness 10000) in paragraph at lines 774--779

 []


Underfull \hbox (badness 10000) in paragraph at lines 780--782

 []


Underfull \hbox (badness 10000) in paragraph at lines 783--785

 []


Underfull \hbox (badness 10000) in paragraph at lines 786--788

 []

[24]
Underfull \hbox (badness 10000) in paragraph at lines 789--791

 []


Underfull \hbox (badness 10000) in paragraph at lines 792--794

 []


Underfull \hbox (badness 10000) in paragraph at lines 795--797

 []


Underfull \hbox (badness 10000) in paragraph at lines 798--800

 []


Underfull \hbox (badness 10000) in paragraph at lines 801--803

 []


Underfull \hbox (badness 10000) in paragraph at lines 806--808

 []


Underfull \hbox (badness 10000) in paragraph at lines 809--811

 []


Underfull \hbox (badness 10000) in paragraph at lines 812--814

 []


Underfull \hbox (badness 10000) in paragraph at lines 815--818

 []


Underfull \hbox (badness 10000) in paragraph at lines 819--821

 []


Underfull \hbox (badness 10000) in paragraph at lines 822--824

 []

[25]
Underfull \hbox (badness 10000) in paragraph at lines 825--827

 []


Underfull \hbox (badness 10000) in paragraph at lines 828--830

 []


Underfull \hbox (badness 10000) in paragraph at lines 831--833

 []


Underfull \hbox (badness 10000) in paragraph at lines 834--836

 []


Underfull \hbox (badness 10000) in paragraph at lines 837--839

 []

[26]
Chapter 5.

Overfull \hbox (55.79253pt too wide) in paragraph at lines 841--841
[]\OT1/cmr/bx/n/17.28 G5A - Re-ac-tance; in-duc-tance; ca-pac-i-tance; impedanc
e; impedance
 []


Underfull \hbox (badness 10000) in paragraph at lines 843--845

 []


Underfull \hbox (badness 10000) in paragraph at lines 846--848

 []


Underfull \hbox (badness 10000) in paragraph at lines 849--851

 []


Underfull \hbox (badness 10000) in paragraph at lines 852--854

 []


Underfull \hbox (badness 10000) in paragraph at lines 855--857

 []


Underfull \hbox (badness 10000) in paragraph at lines 858--860

 []


Underfull \hbox (badness 10000) in paragraph at lines 861--863

 []


Underfull \hbox (badness 10000) in paragraph at lines 864--866

 []


Underfull \hbox (badness 10000) in paragraph at lines 867--869

 []


Underfull \hbox (badness 10000) in paragraph at lines 870--872

 []


Underfull \hbox (badness 10000) in paragraph at lines 873--875

 []

[27

]
Underfull \hbox (badness 10000) in paragraph at lines 876--881

 []


Underfull \hbox (badness 10000) in paragraph at lines 884--886

 []


Underfull \hbox (badness 10000) in paragraph at lines 887--889

 []


Underfull \hbox (badness 10000) in paragraph at lines 890--892

 []


Underfull \hbox (badness 10000) in paragraph at lines 893--895

 []


Underfull \hbox (badness 10000) in paragraph at lines 896--898

 []


Underfull \hbox (badness 10000) in paragraph at lines 899--901

 []


Underfull \hbox (badness 10000) in paragraph at lines 902--904

 []


Underfull \hbox (badness 10000) in paragraph at lines 905--907

 []


Underfull \hbox (badness 10000) in paragraph at lines 908--910

 []


Underfull \hbox (badness 10000) in paragraph at lines 914--916

 []

[28]
Underfull \hbox (badness 10000) in paragraph at lines 917--919

 []


Underfull \hbox (badness 10000) in paragraph at lines 920--922

 []


Underfull \hbox (badness 10000) in paragraph at lines 923--925

 []


Underfull \hbox (badness 10000) in paragraph at lines 928--930

 []


Underfull \hbox (badness 10000) in paragraph at lines 931--933

 []


Underfull \hbox (badness 10000) in paragraph at lines 934--936

 []


Underfull \hbox (badness 10000) in paragraph at lines 937--939

 []


Underfull \hbox (badness 10000) in paragraph at lines 940--942

 []


Underfull \hbox (badness 10000) in paragraph at lines 943--945

 []


Underfull \hbox (badness 10000) in paragraph at lines 946--948

 []


Underfull \hbox (badness 10000) in paragraph at lines 949--951

 []


Underfull \hbox (badness 10000) in paragraph at lines 952--954

 []

[29]
Underfull \hbox (badness 10000) in paragraph at lines 955--957

 []


Underfull \hbox (badness 10000) in paragraph at lines 958--960

 []


Underfull \hbox (badness 10000) in paragraph at lines 961--963

 []


Underfull \hbox (badness 10000) in paragraph at lines 964--966

 []


Underfull \hbox (badness 10000) in paragraph at lines 967--969

 []


Underfull \hbox (badness 10000) in paragraph at lines 970--972

 []

[30]
Chapter 6.

Underfull \hbox (badness 10000) in paragraph at lines 976--978

 []


Underfull \hbox (badness 10000) in paragraph at lines 979--981

 []


Underfull \hbox (badness 10000) in paragraph at lines 982--984

 []


Underfull \hbox (badness 10000) in paragraph at lines 985--987

 []


Underfull \hbox (badness 10000) in paragraph at lines 988--990

 []


Underfull \hbox (badness 10000) in paragraph at lines 991--993

 []


Underfull \hbox (badness 10000) in paragraph at lines 994--996

 []


Underfull \hbox (badness 10000) in paragraph at lines 997--999

 []


Underfull \hbox (badness 10000) in paragraph at lines 1000--1005

 []

[31

]
Underfull \hbox (badness 10000) in paragraph at lines 1006--1008

 []


Underfull \hbox (badness 10000) in paragraph at lines 1009--1011

 []


Underfull \hbox (badness 10000) in paragraph at lines 1012--1014

 []


Underfull \hbox (badness 10000) in paragraph at lines 1015--1017

 []


Underfull \hbox (badness 10000) in paragraph at lines 1020--1022

 []


Underfull \hbox (badness 10000) in paragraph at lines 1023--1025

 []


Underfull \hbox (badness 10000) in paragraph at lines 1026--1028

 []


Underfull \hbox (badness 10000) in paragraph at lines 1029--1031

 []


Underfull \hbox (badness 10000) in paragraph at lines 1032--1034

 []


Underfull \hbox (badness 10000) in paragraph at lines 1035--1037

 []


Underfull \hbox (badness 10000) in paragraph at lines 1038--1040

 []


Underfull \hbox (badness 10000) in paragraph at lines 1041--1043

 []


Underfull \hbox (badness 10000) in paragraph at lines 1044--1046

 []

[32]
Underfull \hbox (badness 10000) in paragraph at lines 1047--1049

 []


Underfull \hbox (badness 10000) in paragraph at lines 1050--1052

 []


Underfull \hbox (badness 10000) in paragraph at lines 1053--1055

 []


Underfull \hbox (badness 10000) in paragraph at lines 1056--1058

 []


Underfull \hbox (badness 10000) in paragraph at lines 1059--1061

 []


Underfull \hbox (badness 10000) in paragraph at lines 1062--1064

 []


Underfull \hbox (badness 10000) in paragraph at lines 1067--1069

 []


Underfull \hbox (badness 10000) in paragraph at lines 1070--1072

 []


Underfull \hbox (badness 10000) in paragraph at lines 1073--1075

 []


Underfull \hbox (badness 10000) in paragraph at lines 1076--1078

 []


Underfull \hbox (badness 10000) in paragraph at lines 1079--1081

 []


Underfull \hbox (badness 10000) in paragraph at lines 1082--1084

 []


Underfull \hbox (badness 10000) in paragraph at lines 1085--1087

 []

[33]
Underfull \hbox (badness 10000) in paragraph at lines 1088--1090

 []


Underfull \hbox (badness 10000) in paragraph at lines 1091--1093

 []


Underfull \hbox (badness 10000) in paragraph at lines 1094--1096

 []


Underfull \hbox (badness 10000) in paragraph at lines 1097--1099

 []


Underfull \hbox (badness 10000) in paragraph at lines 1100--1102

 []


Underfull \hbox (badness 10000) in paragraph at lines 1103--1105

 []


Underfull \hbox (badness 10000) in paragraph at lines 1106--1108

 []


Underfull \hbox (badness 10000) in paragraph at lines 1109--1111

 []


Underfull \hbox (badness 10000) in paragraph at lines 1112--1114

 []


Underfull \hbox (badness 10000) in paragraph at lines 1115--1117

 []


Underfull \hbox (badness 10000) in paragraph at lines 1118--1120

 []

[34]
Chapter 7.

Underfull \hbox (badness 10000) in paragraph at lines 1125--1127

 []


Underfull \hbox (badness 10000) in paragraph at lines 1128--1130

 []


Underfull \hbox (badness 10000) in paragraph at lines 1131--1133

 []


Underfull \hbox (badness 10000) in paragraph at lines 1134--1136

 []


Underfull \hbox (badness 10000) in paragraph at lines 1137--1139

 []


Underfull \hbox (badness 10000) in paragraph at lines 1140--1142

 []


Underfull \hbox (badness 10000) in paragraph at lines 1143--1145

 []


Underfull \hbox (badness 10000) in paragraph at lines 1146--1148

 []


Underfull \hbox (badness 10000) in paragraph at lines 1149--1151

 []


Underfull \hbox (badness 10000) in paragraph at lines 1152--1154

 []


Underfull \hbox (badness 10000) in paragraph at lines 1155--1157

 []

[35

]
Underfull \hbox (badness 10000) in paragraph at lines 1158--1160

 []


Underfull \hbox (badness 10000) in paragraph at lines 1161--1163

 []

<g7-1.pdf, id=118, 795.72281pt x 615.0478pt>
File: g7-1.pdf Graphic file (type pdf)
 <use g7-1.pdf>
Package pdftex.def Info: g7-1.pdf used on input line 1165.
(pdftex.def)             Requested size: 542.02501pt x 418.96838pt.

Underfull \hbox (badness 10000) in paragraph at lines 1170--1172

 []


Underfull \hbox (badness 10000) in paragraph at lines 1173--1175

 []


Underfull \hbox (badness 10000) in paragraph at lines 1176--1178

 []

[36 <C:/Users/odie/Dropbox/Classwork/ESA ham class/Gen questions/g7-1.pdf>]
Underfull \hbox (badness 10000) in paragraph at lines 1179--1181

 []


Underfull \hbox (badness 10000) in paragraph at lines 1182--1184

 []


Underfull \hbox (badness 10000) in paragraph at lines 1185--1187

 []


Underfull \hbox (badness 10000) in paragraph at lines 1188--1190

 []


Underfull \hbox (badness 10000) in paragraph at lines 1191--1193

 []


Underfull \hbox (badness 10000) in paragraph at lines 1194--1196

 []


Underfull \hbox (badness 10000) in paragraph at lines 1197--1199

 []


Underfull \hbox (badness 10000) in paragraph at lines 1200--1202

 []


Underfull \hbox (badness 10000) in paragraph at lines 1203--1205

 []


Underfull \hbox (badness 10000) in paragraph at lines 1206--1208

 []


Underfull \hbox (badness 10000) in paragraph at lines 1209--1211

 []


Underfull \hbox (badness 10000) in paragraph at lines 1214--1216

 []


Underfull \hbox (badness 10000) in paragraph at lines 1217--1219

 []


Underfull \hbox (badness 10000) in paragraph at lines 1220--1222

 []

[37]
Underfull \hbox (badness 10000) in paragraph at lines 1223--1225

 []


Underfull \hbox (badness 10000) in paragraph at lines 1226--1228

 []


Underfull \hbox (badness 10000) in paragraph at lines 1229--1231

 []


Underfull \hbox (badness 10000) in paragraph at lines 1232--1234

 []


Underfull \hbox (badness 10000) in paragraph at lines 1235--1237

 []


Underfull \hbox (badness 10000) in paragraph at lines 1238--1243

 []


Underfull \hbox (badness 10000) in paragraph at lines 1244--1246

 []


Underfull \hbox (badness 10000) in paragraph at lines 1247--1249

 []

[38]
Chapter 8.

Underfull \hbox (badness 10000) in paragraph at lines 1253--1255

 []


Underfull \hbox (badness 10000) in paragraph at lines 1256--1258

 []


Underfull \hbox (badness 10000) in paragraph at lines 1259--1261

 []


Underfull \hbox (badness 10000) in paragraph at lines 1262--1264

 []


Underfull \hbox (badness 10000) in paragraph at lines 1265--1267

 []


Underfull \hbox (badness 10000) in paragraph at lines 1268--1270

 []


Underfull \hbox (badness 10000) in paragraph at lines 1271--1273

 []


Underfull \hbox (badness 10000) in paragraph at lines 1274--1276

 []


Underfull \hbox (badness 10000) in paragraph at lines 1277--1279

 []


Underfull \hbox (badness 10000) in paragraph at lines 1280--1282

 []

[39

]
Underfull \hbox (badness 10000) in paragraph at lines 1283--1285

 []


Underfull \hbox (badness 10000) in paragraph at lines 1286--1288

 []


Underfull \hbox (badness 10000) in paragraph at lines 1291--1293

 []


Underfull \hbox (badness 10000) in paragraph at lines 1294--1296

 []


Underfull \hbox (badness 10000) in paragraph at lines 1297--1299

 []


Underfull \hbox (badness 10000) in paragraph at lines 1300--1302

 []


Underfull \hbox (badness 10000) in paragraph at lines 1303--1305

 []


Underfull \hbox (badness 10000) in paragraph at lines 1306--1309

 []


Underfull \hbox (badness 10000) in paragraph at lines 1310--1312

 []


Underfull \hbox (badness 10000) in paragraph at lines 1313--1315

 []


Underfull \hbox (badness 10000) in paragraph at lines 1316--1318

 []


Underfull \hbox (badness 10000) in paragraph at lines 1319--1321

 []

[40]
Underfull \hbox (badness 10000) in paragraph at lines 1322--1324

 []


Underfull \hbox (badness 10000) in paragraph at lines 1325--1327

 []

[41]
Chapter 9.

Underfull \hbox (badness 10000) in paragraph at lines 1331--1334

 []


Underfull \hbox (badness 10000) in paragraph at lines 1335--1337

 []


Underfull \hbox (badness 10000) in paragraph at lines 1338--1340

 []


Underfull \hbox (badness 10000) in paragraph at lines 1341--1343

 []


Underfull \hbox (badness 10000) in paragraph at lines 1344--1346

 []


Underfull \hbox (badness 10000) in paragraph at lines 1347--1349

 []


Underfull \hbox (badness 10000) in paragraph at lines 1350--1352

 []


Underfull \hbox (badness 10000) in paragraph at lines 1353--1355

 []


Underfull \hbox (badness 10000) in paragraph at lines 1356--1358

 []

[42

]
Underfull \hbox (badness 10000) in paragraph at lines 1359--1361

 []


Underfull \hbox (badness 10000) in paragraph at lines 1362--1364

 []


Underfull \hbox (badness 10000) in paragraph at lines 1365--1367

 []


Underfull \hbox (badness 10000) in paragraph at lines 1368--1370

 []


Underfull \hbox (badness 10000) in paragraph at lines 1374--1376

 []


Underfull \hbox (badness 10000) in paragraph at lines 1377--1379

 []


Underfull \hbox (badness 10000) in paragraph at lines 1380--1382

 []


Underfull \hbox (badness 10000) in paragraph at lines 1383--1385

 []


Underfull \hbox (badness 10000) in paragraph at lines 1386--1388

 []


Underfull \hbox (badness 10000) in paragraph at lines 1389--1391

 []


Underfull \hbox (badness 10000) in paragraph at lines 1392--1394

 []


Underfull \hbox (badness 10000) in paragraph at lines 1395--1397

 []

[43]
Underfull \hbox (badness 10000) in paragraph at lines 1398--1400

 []


Underfull \hbox (badness 10000) in paragraph at lines 1401--1403

 []


Underfull \hbox (badness 10000) in paragraph at lines 1404--1406

 []


Underfull \hbox (badness 10000) in paragraph at lines 1407--1409

 []


Underfull \hbox (badness 10000) in paragraph at lines 1413--1415

 []


Underfull \hbox (badness 10000) in paragraph at lines 1416--1418

 []


Underfull \hbox (badness 10000) in paragraph at lines 1419--1421

 []


Underfull \hbox (badness 10000) in paragraph at lines 1422--1424

 []


Underfull \hbox (badness 10000) in paragraph at lines 1425--1427

 []


Underfull \hbox (badness 10000) in paragraph at lines 1428--1430

 []


Underfull \hbox (badness 10000) in paragraph at lines 1431--1433

 []


Underfull \hbox (badness 10000) in paragraph at lines 1434--1436

 []


Underfull \hbox (badness 10000) in paragraph at lines 1437--1439

 []

[44]
Underfull \hbox (badness 10000) in paragraph at lines 1440--1445

 []


Underfull \hbox (badness 10000) in paragraph at lines 1446--1448

 []


Underfull \hbox (badness 10000) in paragraph at lines 1449--1451

 []


Underfull \hbox (badness 10000) in paragraph at lines 1452--1454

 []


Underfull \hbox (badness 10000) in paragraph at lines 1455--1457

 []


Underfull \hbox (badness 10000) in paragraph at lines 1458--1460

 []


Underfull \hbox (badness 10000) in paragraph at lines 1461--1463

 []


Underfull \hbox (badness 10000) in paragraph at lines 1464--1466

 []


Underfull \hbox (badness 10000) in paragraph at lines 1467--1469

 []


Underfull \hbox (badness 10000) in paragraph at lines 1470--1472

 []


Underfull \hbox (badness 10000) in paragraph at lines 1473--1475

 []


Underfull \hbox (badness 10000) in paragraph at lines 1478--1480

 []

[45]
Underfull \hbox (badness 10000) in paragraph at lines 1481--1483

 []


Underfull \hbox (badness 10000) in paragraph at lines 1484--1486

 []


Underfull \hbox (badness 10000) in paragraph at lines 1487--1489

 []


Underfull \hbox (badness 10000) in paragraph at lines 1490--1492

 []


Underfull \hbox (badness 10000) in paragraph at lines 1493--1495

 []


Underfull \hbox (badness 10000) in paragraph at lines 1496--1498

 []


Underfull \hbox (badness 10000) in paragraph at lines 1499--1501

 []


Underfull \hbox (badness 10000) in paragraph at lines 1502--1504

 []


Underfull \hbox (badness 10000) in paragraph at lines 1505--1507

 []


Underfull \hbox (badness 10000) in paragraph at lines 1508--1510

 []

[46]
Chapter 10.

Underfull \hbox (badness 10000) in paragraph at lines 1514--1516

 []


Underfull \hbox (badness 10000) in paragraph at lines 1517--1522

 []


Underfull \hbox (badness 10000) in paragraph at lines 1523--1528

 []


Underfull \hbox (badness 10000) in paragraph at lines 1529--1531

 []


Underfull \hbox (badness 10000) in paragraph at lines 1532--1534

 []


Underfull \hbox (badness 10000) in paragraph at lines 1535--1537

 []


Underfull \hbox (badness 10000) in paragraph at lines 1538--1540

 []


Underfull \hbox (badness 10000) in paragraph at lines 1541--1543

 []

[47

]
Underfull \hbox (badness 10000) in paragraph at lines 1544--1546

 []


Underfull \hbox (badness 10000) in paragraph at lines 1547--1549

 []


Underfull \hbox (badness 10000) in paragraph at lines 1550--1552

 []


Underfull \hbox (badness 10000) in paragraph at lines 1553--1555

 []


Underfull \hbox (badness 10000) in paragraph at lines 1559--1561

 []


Underfull \hbox (badness 10000) in paragraph at lines 1562--1564

 []


Underfull \hbox (badness 10000) in paragraph at lines 1565--1567

 []


Underfull \hbox (badness 10000) in paragraph at lines 1568--1570

 []


Underfull \hbox (badness 10000) in paragraph at lines 1571--1573

 []


Underfull \hbox (badness 10000) in paragraph at lines 1574--1576

 []


Underfull \hbox (badness 10000) in paragraph at lines 1577--1579

 []


Underfull \hbox (badness 10000) in paragraph at lines 1580--1582

 []

[48]
Underfull \hbox (badness 10000) in paragraph at lines 1583--1585

 []


Underfull \hbox (badness 10000) in paragraph at lines 1586--1588

 []


Underfull \hbox (badness 10000) in paragraph at lines 1589--1591

 []


Underfull \hbox (badness 10000) in paragraph at lines 1592--1594

 []


Underfull \hbox (badness 10000) in paragraph at lines 1595--1597

 []


Underfull \hbox (badness 10000) in paragraph at lines 1598--1600

 []


Underfull \hbox (badness 10000) in paragraph at lines 1601--1603

 []


Underfull \hbox (badness 10000) in paragraph at lines 1604--1606

 []

[49]
("C:\Users\odie\Dropbox\Classwork\ESA ham class\Gen questions\gen questions.aux
") ) 
Here is how much of TeX's memory you used:
 3980 strings out of 493921
 52091 string characters out of 3147284
 124167 words of memory out of 3000000
 7218 multiletter control sequences out of 15000+200000
 12702 words of font info for 49 fonts, out of 3000000 for 9000
 841 hyphenation exceptions out of 8191
 37i,7n,39p,529b,188s stack positions out of 5000i,500n,10000p,200000b,50000s
<C:/Program Files/MiKTeX 2.9/fonts/type1/public/amsfonts/cm/cmbx12.pfb><C:/
Program Files/MiKTeX 2.9/fonts/type1/public/amsfonts/cm/cmr12.pfb><C:/Program F
iles/MiKTeX 2.9/fonts/type1/public/amsfonts/cm/cmr17.pfb>
Output written on "gen questions.pdf" (50 pages, 148638 bytes).
PDF statistics:
 182 PDF objects out of 1000 (max. 8388607)
 0 named destinations out of 1000 (max. 500000)
 6 words of extra memory for PDF output out of 10000 (max. 10000000)

